{
  "RSpec": {
    "coverage": {
      "/Users/neneh.bojang/Desktop/Makers/week7/Makersbnb/app.rb": {
        "lines": [
          1,
          1,
          1,
          1,
          null,
          1,
          null,
          1,
          0,
          0,
          null,
          null,
          1,
          0,
          null,
          null,
          1,
          0,
          null,
          null,
          1,
          0,
          0,
          null,
          null,
          1,
          0,
          0,
          null,
          null,
          1,
          null
        ]
      },
      "/Users/neneh.bojang/Desktop/Makers/week7/Makersbnb/database_connection_setup.rb": {
        "lines": [
          1,
          null,
          1
        ]
      },
      "/Users/neneh.bojang/Desktop/Makers/week7/Makersbnb/lib/database_connection.rb": {
        "lines": [
          1,
          null,
          1,
          null,
          1,
          null,
          1,
          1,
          null,
          0,
          null,
          null,
          null,
          1,
          2,
          null,
          null
        ]
      },
      "/Users/neneh.bojang/Desktop/Makers/week7/Makersbnb/lib/spaces.rb": {
        "lines": [
          1,
          null,
          1,
          1,
          null,
          1,
          0,
          0,
          0,
          0,
          0,
          null,
          null,
          null,
          1,
          0,
          0,
          null,
          0,
          null,
          0,
          0,
          0,
          null,
          null,
          null,
          1,
          0,
          0,
          null,
          0,
          null,
          0,
          null,
          null,
          null
        ]
      },
      "/Users/neneh.bojang/Desktop/Makers/week7/Makersbnb/lib/booking.rb": {
        "lines": [
          1,
          null,
          1,
          1,
          null,
          1,
          2,
          2,
          2,
          2,
          2,
          null,
          null,
          null,
          1,
          2,
          2,
          null,
          0,
          null,
          2,
          2,
          2,
          null,
          null,
          null,
          1,
          1,
          1,
          null,
          0,
          null,
          null,
          1,
          null,
          null,
          null
        ]
      },
      "/Users/neneh.bojang/Desktop/Makers/week7/Makersbnb/spec/unit/booking_spec.rb": {
        "lines": [
          1,
          1,
          1,
          null,
          1,
          1,
          1,
          1,
          null,
          1,
          1,
          1,
          1,
          null,
          null,
          null
        ]
      }
    },
    "timestamp": 1636558309
  }
}
